mode: set
github.com/meshlite/sigil/internal/policy/engine.go:23.35,24.16 1 1
github.com/meshlite/sigil/internal/policy/engine.go:24.16,26.3 1 1
github.com/meshlite/sigil/internal/policy/engine.go:27.2,27.15 1 1
github.com/meshlite/sigil/internal/policy/engine.go:73.48,75.16 2 1
github.com/meshlite/sigil/internal/policy/engine.go:75.16,77.3 1 1
github.com/meshlite/sigil/internal/policy/engine.go:78.2,78.27 1 1
github.com/meshlite/sigil/internal/policy/engine.go:82.49,84.51 2 1
github.com/meshlite/sigil/internal/policy/engine.go:84.51,86.3 1 1
github.com/meshlite/sigil/internal/policy/engine.go:87.2,87.28 1 1
github.com/meshlite/sigil/internal/policy/engine.go:90.40,92.40 2 1
github.com/meshlite/sigil/internal/policy/engine.go:92.40,93.30 1 1
github.com/meshlite/sigil/internal/policy/engine.go:93.30,95.4 1 1
github.com/meshlite/sigil/internal/policy/engine.go:96.3,96.30 1 1
github.com/meshlite/sigil/internal/policy/engine.go:96.30,98.4 1 1
github.com/meshlite/sigil/internal/policy/engine.go:101.2,102.16 2 1
github.com/meshlite/sigil/internal/policy/engine.go:102.16,104.3 1 1
github.com/meshlite/sigil/internal/policy/engine.go:106.2,111.3 1 1
github.com/meshlite/sigil/internal/policy/engine.go:119.53,120.35 1 1
github.com/meshlite/sigil/internal/policy/engine.go:120.35,121.15 1 1
github.com/meshlite/sigil/internal/policy/engine.go:121.15,123.4 1 1
github.com/meshlite/sigil/internal/policy/engine.go:125.2,125.20 1 1
github.com/meshlite/sigil/internal/policy/engine.go:125.20,127.3 1 1
github.com/meshlite/sigil/internal/policy/engine.go:128.2,128.13 1 1
github.com/meshlite/sigil/internal/policy/engine.go:132.36,134.2 1 1
github.com/meshlite/sigil/internal/policy/engine.go:137.38,139.2 1 1
github.com/meshlite/sigil/internal/policy/engine.go:142.37,144.2 1 1
github.com/meshlite/sigil/internal/policy/engine.go:147.38,149.34 2 1
github.com/meshlite/sigil/internal/policy/engine.go:149.34,151.24 2 1
github.com/meshlite/sigil/internal/policy/engine.go:151.24,153.4 1 1
github.com/meshlite/sigil/internal/policy/engine.go:154.3,154.30 1 1
github.com/meshlite/sigil/internal/policy/engine.go:156.2,156.14 1 1
